other: 20th
Apostrophe? : 20th
false
number: 26
other: 1905,
Apostrophe? : 1905,
false
One invalid letter: E
other: =
Apostrophe? : =
false
other: mc²,
Apostrophe? : mc²,
false
other: 
Apostrophe? : 
false
other: school’s
Apostrophe? : school’s
false
other: 
Apostrophe? : 
false
other: Einstein’s
Apostrophe? : Einstein’s
false
other: 1900,
Apostrophe? : 1900,
false
other: 1921,
Apostrophe? : 1921,
false
other: 1933,
Apostrophe? : 1933,
false
other: 
Apostrophe? : 
false
other: Einstein’s
Apostrophe? : Einstein’s
false
other: 1999,
Apostrophe? : 1999,
false
other: 
Apostrophe? : 
false
other: It’s
Apostrophe? : It’s
false
other: I’m
Apostrophe? : I’m
false
other: it’s
Apostrophe? : it’s
false
other: it’s
Apostrophe? : it’s
false
other: it’s
Apostrophe? : it’s
false
other: I’m
Apostrophe? : I’m
false
other: 20th
Apostrophe? : 20th
false
number: 26
other: 1905,
Apostrophe? : 1905,
false
One invalid letter: E
other: =
Apostrophe? : =
false
other: mc²,
Apostrophe? : mc²,
false
other: 
Apostrophe? : 
false
other: school’s
Apostrophe? : school’s
true
other: 
Apostrophe? : 
false
other: Einstein’s
Apostrophe? : Einstein’s
true
other: 1900,
Apostrophe? : 1900,
false
other: 1921,
Apostrophe? : 1921,
false
other: 1933,
Apostrophe? : 1933,
false
other: 
Apostrophe? : 
false
other: Einstein’s
Apostrophe? : Einstein’s
true
other: 1999,
Apostrophe? : 1999,
false
other: 
Apostrophe? : 
false
other: It’s
Apostrophe? : It’s
true
other: I’m
Apostrophe? : I’m
true
other: it’s
Apostrophe? : it’s
true
other: it’s
Apostrophe? : it’s
true
other: it’s
Apostrophe? : it’s
true
other: I’m
Apostrophe? : I’m
true
other: 20th
Apostrophe? : 20th
false
t
number: 26
other: 1905,
Apostrophe? : 1905,
false
5
One invalid letter: E
other: =
Apostrophe? : =
false
other: 
Apostrophe? : 
false
other: school’s
Apostrophe? : school’s
true
’
other: 
Apostrophe? : 
false
other: Einstein’s
Apostrophe? : Einstein’s
true
’
other: 1900,
Apostrophe? : 1900,
false
0
other: 1921,
Apostrophe? : 1921,
false
1
other: 1933,
Apostrophe? : 1933,
false
3
other: 
Apostrophe? : 
false
other: Einstein’s
Apostrophe? : Einstein’s
true
’
other: 1999,
Apostrophe? : 1999,
false
9
other: 
Apostrophe? : 
false
other: It’s
Apostrophe? : It’s
true
’
other: I’m
Apostrophe? : I’m
true
other: it’s
Apostrophe? : it’s
true
’
other: it’s
Apostrophe? : it’s
true
’
other: it’s
Apostrophe? : it’s
true
’
other: I’m
Apostrophe? : I’m
true
other: 20th
Apostrophe? : 20th
false
t
number: 26
other: 1905,
Apostrophe? : 1905,
false
5
One invalid letter: E
other: =
Apostrophe? : =
false
other: mc²,
Apostrophe? : mc²,
false
²
other: 
Apostrophe? : 
false
other: school’s
Apostrophe? : school’s
true
’
other: 
Apostrophe? : 
false
other: Einstein’s
Apostrophe? : Einstein’s
true
’
other: 1900,
Apostrophe? : 1900,
false
0
other: 1921,
Apostrophe? : 1921,
false
1
other: 1933,
Apostrophe? : 1933,
false
3
other: 
Apostrophe? : 
false
other: Einstein’s
Apostrophe? : Einstein’s
true
’
other: 1999,
Apostrophe? : 1999,
false
9
other: 
Apostrophe? : 
false
other: It’s
Apostrophe? : It’s
true
’
other: I’m
Apostrophe? : I’m
true
other: it’s
Apostrophe? : it’s
true
’
other: it’s
Apostrophe? : it’s
true
’
other: it’s
Apostrophe? : it’s
true
’
other: I’m
Apostrophe? : I’m
true
other: 20th
Apostrophe? : 20th
false
t
number: 26
other: 1905,
Apostrophe? : 1905,
false
5
One invalid letter: E
other: =
Apostrophe? : =
false
other: mc²,
Apostrophe? : mc²,
false
²
other: 
Apostrophe? : 
false
other: school’s
Apostrophe? : school’s
true
’
other: 
Apostrophe? : 
false
other: Einstein’s
Apostrophe? : Einstein’s
true
’
other: 1900,
Apostrophe? : 1900,
false
0
other: 1921,
Apostrophe? : 1921,
false
1
other: 1933,
Apostrophe? : 1933,
false
3
other: 
Apostrophe? : 
false
other: Einstein’s
Apostrophe? : Einstein’s
true
’
other: 1999,
Apostrophe? : 1999,
false
9
other: 
Apostrophe? : 
false
other: It’s
Apostrophe? : It’s
true
’
other: I’m
Apostrophe? : I’m
true
other: it’s
Apostrophe? : it’s
true
’
other: it’s
Apostrophe? : it’s
true
’
other: it’s
Apostrophe? : it’s
true
’
other: I’m
Apostrophe? : I’m
true
One invalid letter: E
other: =
Apostrophe? : =
false
other: mc²,
Apostrophe? : mc²,
false
SUPERSCRIPT TWO
other: 
Apostrophe? : 
false
other: school’s
Apostrophe? : school’s
true
RIGHT SINGLE QUOTATION MARK
other: 
Apostrophe? : 
false
other: Einstein’s
Apostrophe? : Einstein’s
true
RIGHT SINGLE QUOTATION MARK
other: 1900,
Apostrophe? : 1900,
false
DIGIT ZERO
other: 1921,
Apostrophe? : 1921,
false
DIGIT ONE
other: 1933,
Apostrophe? : 1933,
false
DIGIT THREE
other: 
Apostrophe? : 
false
other: Einstein’s
Apostrophe? : Einstein’s
true
RIGHT SINGLE QUOTATION MARK
other: 1999,
Apostrophe? : 1999,
false
DIGIT NINE
other: 
Apostrophe? : 
false
other: It’s
Apostrophe? : It’s
true
RIGHT SINGLE QUOTATION MARK
other: I’m
Apostrophe? : I’m
true
other: it’s
Apostrophe? : it’s
true
RIGHT SINGLE QUOTATION MARK
other: it’s
Apostrophe? : it’s
true
RIGHT SINGLE QUOTATION MARK
other: it’s
Apostrophe? : it’s
true
RIGHT SINGLE QUOTATION MARK
other: I’m
Apostrophe? : I’m
true
other: 20th
Apostrophe? : 20th
false
LATIN SMALL LETTER T
number: 26
other: 1905,
Apostrophe? : 1905,
false
DIGIT FIVE
One invalid letter: E
other: =
Apostrophe? : =
false
other: mc²,
Apostrophe? : mc²,
false
SUPERSCRIPT TWO
other: 
Apostrophe? : 
false
other: school’s
Apostrophe? : school’s
true
RIGHT SINGLE QUOTATION MARK
other: 
Apostrophe? : 
false
other: Einstein’s
Apostrophe? : Einstein’s
true
RIGHT SINGLE QUOTATION MARK
other: 1900,
Apostrophe? : 1900,
false
DIGIT ZERO
other: 1921,
Apostrophe? : 1921,
false
DIGIT ONE
other: 1933,
Apostrophe? : 1933,
false
DIGIT THREE
other: 
Apostrophe? : 
false
other: Einstein’s
Apostrophe? : Einstein’s
true
RIGHT SINGLE QUOTATION MARK
other: 1999,
Apostrophe? : 1999,
false
DIGIT NINE
other: 
Apostrophe? : 
false
other: It’s
Apostrophe? : It’s
true
RIGHT SINGLE QUOTATION MARK
other: I’m
Apostrophe? : I’m
true
other: it’s
Apostrophe? : it’s
true
RIGHT SINGLE QUOTATION MARK
other: it’s
Apostrophe? : it’s
true
RIGHT SINGLE QUOTATION MARK
other: it’s
Apostrophe? : it’s
true
RIGHT SINGLE QUOTATION MARK
other: I’m
Apostrophe? : I’m
true
Sat Mar 26 13:06:06 EDT 2022
other: 20th
Apostrophe? : 20th
false
LATIN SMALL LETTER T
number: 26
other: 1905,
Apostrophe? : 1905,
false
DIGIT FIVE
One invalid letter: E
other: =
Apostrophe? : =
false
other: mc²,
Apostrophe? : mc²,
false
SUPERSCRIPT TWO
other: 
Apostrophe? : 
false
other: school’s
Apostrophe? : school’s
true
RIGHT SINGLE QUOTATION MARK
other: 
Apostrophe? : 
false
other: Einstein’s
Apostrophe? : Einstein’s
true
RIGHT SINGLE QUOTATION MARK
other: 1900,
Apostrophe? : 1900,
false
DIGIT ZERO
other: 1921,
Apostrophe? : 1921,
false
DIGIT ONE
other: 1933,
Apostrophe? : 1933,
false
DIGIT THREE
other: 
Apostrophe? : 
false
other: Einstein’s
Apostrophe? : Einstein’s
true
RIGHT SINGLE QUOTATION MARK
other: 1999,
Apostrophe? : 1999,
false
DIGIT NINE
other: 
Apostrophe? : 
false
other: It’s
Apostrophe? : It’s
true
RIGHT SINGLE QUOTATION MARK
other: I’m
Apostrophe? : I’m
true
other: it’s
Apostrophe? : it’s
true
RIGHT SINGLE QUOTATION MARK
other: it’s
Apostrophe? : it’s
true
RIGHT SINGLE QUOTATION MARK
other: it’s
Apostrophe? : it’s
true
RIGHT SINGLE QUOTATION MARK
other: I’m
Apostrophe? : I’m
true
///////////////////////Sat Mar 26 13:07:52 EDT 2022///////////////////////
other: 20th
Apostrophe? : 20th
false
LATIN SMALL LETTER T
number: 26
other: 1905,
Apostrophe? : 1905,
false
DIGIT FIVE
One invalid letter: E
other: =
Apostrophe? : =
false
other: mc²,
Apostrophe? : mc²,
false
SUPERSCRIPT TWO
other: 
Apostrophe? : 
false
other: school’s
Apostrophe? : school’s
true
RIGHT SINGLE QUOTATION MARK
other: 
Apostrophe? : 
false
other: Einstein’s
Apostrophe? : Einstein’s
true
RIGHT SINGLE QUOTATION MARK
other: 1900,
Apostrophe? : 1900,
false
DIGIT ZERO
other: 1921,
Apostrophe? : 1921,
false
DIGIT ONE
other: 1933,
Apostrophe? : 1933,
false
DIGIT THREE
other: 
Apostrophe? : 
false
other: Einstein’s
Apostrophe? : Einstein’s
true
RIGHT SINGLE QUOTATION MARK
other: 1999,
Apostrophe? : 1999,
false
DIGIT NINE
other: 
Apostrophe? : 
false
other: It’s
Apostrophe? : It’s
true
RIGHT SINGLE QUOTATION MARK
other: I’m
Apostrophe? : I’m
true
other: it’s
Apostrophe? : it’s
true
RIGHT SINGLE QUOTATION MARK
other: it’s
Apostrophe? : it’s
true
RIGHT SINGLE QUOTATION MARK
other: it’s
Apostrophe? : it’s
true
RIGHT SINGLE QUOTATION MARK
other: I’m
Apostrophe? : I’m
true
///////////////////////Sat Mar 26 13:16:25 EDT 2022///////////////////////
Apostrophe? : 20th
false
29
number: 26
Apostrophe? : 1905,
false
5
One invalid letter: E
Apostrophe? : =
false
Apostrophe? : mc²,
false
2
Apostrophe? : 
false
Apostrophe? : 
false
Apostrophe? : 1900,
false
0
Apostrophe? : 1921,
false
1
Apostrophe? : 1933,
false
3
Apostrophe? : 
false
Apostrophe? : 1999,
false
9
Apostrophe? : 
false
///////////////////////Sat Mar 26 13:21:19 EDT 2022///////////////////////
Apostrophe? : 20th
false
29
number: 26
Apostrophe? : 1905,
false
5
One invalid letter: E
Apostrophe? : =
false
Apostrophe? : mc²,
false
2
Apostrophe? : 
false
Apostrophe? : 
false
Apostrophe? : 1900,
false
0
Apostrophe? : 1921,
false
1
Apostrophe? : 1933,
false
3
Apostrophe? : 
false
Apostrophe? : 1999,
false
9
Apostrophe? : 
false
///////////////////////Sat Mar 26 13:31:46 EDT 2022///////////////////////
Apostrophe? : 20th
false
29
number: 26
Apostrophe? : 1905,
false
5
One invalid letter: E
Apostrophe? : =
false
Apostrophe? : mc²,
false
2
Apostrophe? : 
false
Apostrophe? : 
false
Apostrophe? : 1900,
false
0
Apostrophe? : 1921,
false
1
Apostrophe? : 1933,
false
3
Apostrophe? : 
false
Apostrophe? : 1999,
false
9
Apostrophe? : 
false
///////////////////////Sat Mar 26 13:35:21 EDT 2022///////////////////////
Apostrophe? : 20th
false
29
number: 26
Apostrophe? : 1905,
false
5
One invalid letter: E
Apostrophe? : =
false
Apostrophe? : mc²,
false
2
Apostrophe? : 
false
Apostrophe? : 
false
Apostrophe? : 1900,
false
0
Apostrophe? : 1921,
false
1
Apostrophe? : 1933,
false
3
Apostrophe? : 
false
Apostrophe? : 1999,
false
9
Apostrophe? : 
false
///////////////////////Sat Mar 26 13:37:57 EDT 2022///////////////////////
Apostrophe? : 20th
false
29
number: 26
Apostrophe? : 1905,
false
5
One invalid letter: E
Apostrophe? : =
false
Apostrophe? : mc²,
false
2
Apostrophe? : 
false
Apostrophe? : 
false
Apostrophe? : 1900,
false
0
Apostrophe? : 1921,
false
1
Apostrophe? : 1933,
false
3
Apostrophe? : 
false
Apostrophe? : 1999,
false
9
Apostrophe? : 
false
///////////////////////Sat Mar 26 13:40:23 EDT 2022///////////////////////
Apostrophe? : 20th
false
29
number: 26
Apostrophe? : 1905,
false
5
One invalid letter: E
Apostrophe? : =
false
Apostrophe? : mc²,
false
2
Apostrophe? : 
false
Apostrophe? : 
false
Apostrophe? : 1900,
false
0
Apostrophe? : 1921,
false
1
Apostrophe? : 1933,
false
3
Apostrophe? : 
false
Apostrophe? : 1999,
false
9
Apostrophe? : 
false
///////////////////////Sat Mar 26 13:41:51 EDT 2022///////////////////////
Apostrophe? : 20th
false
29
number: 26
Apostrophe? : 1905,
false
5
One invalid letter: E
Apostrophe? : =
false
Apostrophe? : mc²,
false
2
Apostrophe? : 
false
Apostrophe? : 
false
Apostrophe? : 1900,
false
0
Apostrophe? : 1921,
false
1
Apostrophe? : 1933,
false
3
Apostrophe? : 
false
Apostrophe? : 1999,
false
9
Apostrophe? : 
false
///////////////////////Sat Mar 26 14:04:53 EDT 2022///////////////////////
Apostrophe? : 20th
false
29
number: 26
Apostrophe? : 1905,
false
5
One invalid letter: E
Apostrophe? : =
false
Apostrophe? : mc²,
false
2
Apostrophe? : 
false
Apostrophe? : 
false
Apostrophe? : 1900,
false
0
Apostrophe? : 1921,
false
1
Apostrophe? : 1933,
false
3
Apostrophe? : 
false
Apostrophe? : 1999,
false
9
Apostrophe? : 
false
///////////////////////Sat Mar 26 14:05:47 EDT 2022///////////////////////
Apostrophe? : 20th
false
29
number: 26
Apostrophe? : 1905,
false
5
One invalid letter: E
Apostrophe? : =
false
Apostrophe? : mc²,
false
2
Apostrophe? : 
false
Apostrophe? : 
false
Apostrophe? : 1900,
false
0
Apostrophe? : 1921,
false
1
Apostrophe? : 1933,
false
3
Apostrophe? : 
false
Apostrophe? : 1999,
false
9
Apostrophe? : 
false
///////////////////////Sat Mar 26 14:08:05 EDT 2022///////////////////////
Apostrophe? : 20th
false
29
number: 26
Apostrophe? : 1905,
false
5
One invalid letter: E
Apostrophe? : =
false
Apostrophe? : mc²,
false
2
Apostrophe? : 
false
Apostrophe? : 
false
Apostrophe? : 1900,
false
0
Apostrophe? : 1921,
false
1
Apostrophe? : 1933,
false
3
Apostrophe? : 
false
Apostrophe? : 1999,
false
9
Apostrophe? : 
false
///////////////////////Sat Mar 26 14:26:07 EDT 2022///////////////////////
other : 20th
other : 26
other : 1905,
One invalid letter: E
other : =
other : 
other : 
other : 1900,
other : 1921,
other : 1933,
other : 
other : 1999,
other : 
///////////////////////Sat Mar 26 14:30:47 EDT 2022///////////////////////
other : 20th
other : 26
other : 1905,
One invalid letter: E
other : =
other : 
other : 
other : 1900,
other : 1921,
other : 1933,
other : 
other : 1999,
other : 
///////////////////////Sat Mar 26 14:31:52 EDT 2022///////////////////////
other : 20th
other : 26
other : 1905,
One invalid letter: E
other : =
other : 
other : 
other : 1900,
other : 1921,
other : 1933,
other : 
other : 1999,
other : 
///////////////////////Sat Mar 26 14:33:30 EDT 2022///////////////////////
other : 20th
other : 26
other : 1905,
One invalid letter: E
other : =
other : 
other : 
other : 1900,
other : 1921,
other : 1933,
other : 
other : 1999,
other : 
///////////////////////Sat Mar 26 14:34:10 EDT 2022///////////////////////
other : 20th
other : 26
other : 1905,
One invalid letter: E
other : =
other : 
other : 
other : 1900,
other : 1921,
other : 1933,
other : 
other : 1999,
other : 
///////////////////////Sat Mar 26 14:37:11 EDT 2022///////////////////////
other : 20th
other : 26
other : 1905,
One invalid letter: E
other : =
other : 
other : 
other : 1900,
other : 1921,
other : 1933,
other : 
other : 1999,
other : 
///////////////////////Sat Mar 26 14:38:07 EDT 2022///////////////////////
other : 20th
other : 26
other : 1905,
One invalid letter: E
other : =
other : 
other : 
other : 1900,
other : 1921,
other : 1933,
other : 
other : 1999,
other : 
///////////////////////Sat Mar 26 14:41:26 EDT 2022///////////////////////
other : 20th
other : 26
other : 1905,
One invalid letter: E
other : =
other : 
other : 
other : 1900,
other : 1921,
other : 1933,
other : 
other : 1999,
other : 
///////////////////////Sat Mar 26 14:46:57 EDT 2022///////////////////////
other : 20th
other : 26
other : 1905,
One invalid letter: E
other : =
other : 
other : 
other : 1900,
other : 1921,
other : 1933,
other : 
other : 1999,
other : 
///////////////////////Sat Mar 26 14:55:33 EDT 2022///////////////////////
other : 20th
other : 26
other : 1905,
One invalid letter: E
other : =
other : 
other : 
other : 1900,
other : 1921,
other : 1933,
other : 
other : 1999,
other : 
///////////////////////Sat Mar 26 14:57:56 EDT 2022///////////////////////
other : 20th
other : 26
other : 1905,
One invalid letter: E
other : =
other : 
other : 
other : 1900,
other : 1921,
other : 1933,
other : 
other : 1999,
other : 
///////////////////////Sat Mar 26 15:02:49 EDT 2022///////////////////////
other : 20th
other : 26
other : 1905,
One invalid letter: E
other : =
other : 
other : 
other : 1900,
other : 1921,
other : 1933,
other : 
other : 1999,
other : 
///////////////////////Sat Mar 26 15:07:59 EDT 2022///////////////////////
other : 20th
other : 26
other : 1905,
One invalid letter: E
other : =
other : 
other : 
other : 1900,
other : 1921,
other : 1933,
other : 
other : 1999,
other : 
///////////////////////Sat Mar 26 15:15:18 EDT 2022///////////////////////
other : 20th
other : 26
other : 1905,
One invalid letter: E
other : =
other : 
other : 
other : 1900,
other : 1921,
other : 1933,
other : 
other : 1999,
other : 
///////////////////////Sat Mar 26 15:21:42 EDT 2022///////////////////////
other : 20th
other : 26
other : 1905,
One invalid letter: E
other : =
other : 
other : 
other : 1900,
other : 1921,
other : 1933,
other : 
other : 1999,
other : 
///////////////////////Sat Mar 26 15:22:01 EDT 2022///////////////////////
other : 20th
other : 26
other : 1905,
One invalid letter: E
other : =
other : 
other : 
other : 1900,
other : 1921,
other : 1933,
other : 
other : 1999,
other : 
///////////////////////Sat Mar 26 15:23:42 EDT 2022///////////////////////
other : 20th
other : 26
other : 1905,
One invalid letter: E
other : =
other : 
other : 
other : 1900,
other : 1921,
other : 1933,
other : 
other : 1999,
other : 
///////////////////////Sat Mar 26 15:50:00 EDT 2022///////////////////////
other : 20th
other : 26
other : 1905,
One invalid letter: E
other : =
other : 
other : 
other : 1900,
other : 1921,
other : 1933,
other : 
other : 1999,
other : 
///////////////////////Sat Mar 26 15:53:23 EDT 2022///////////////////////
other : 3890909
other : Samsung		987.28
other : 2022
other : 2787985
other : Acer	
other : 	572.20
other : 2013
other : 4900088
other : 
other : 
other : 
other : 
other : 
other : 
other : 		232.99
other : 2008
other : 1989000
other : 
other : 
other : 
other : 		237.24
other : 2006
other : 0089076
other : 
other : 
other : 
other : 		564.22
other : 2009
other : 2887685
other : 		569.28
other : 2012
other : 7559090
other : 		290.90
other : 2005
other : 2887460
other : 
other : 		457.28
other : 2009
other : 2887685
other : Apple	
other : 	569.28
other : 2015
other : 6699001
other : Lenovo	
other : 	237.29
other : 2012
other : 9675654
other : 
other : 
other : 
other : 		388.00
other : 2009
other : 1119002
other : 		457.28
other : 2008
other : 5000882
other : 
other : 		977.27
other : 2020
other : 8888902
other : 
other : 
other : 
other : 	810.35
other : 2017
other : 5890779
other : 		457.28
other : 2007
other : 7333403
other : 
other : 
other : 
other : 
other : 		659.00
other : 2009
other : 2999900
other : 
other : 		457.28
other : 2006
other : 6987612
other : HTC		
other : 	577.25
other : 2009
other : 8888902
other : 
other : 
other : 
other : 
other : 		410.35
other : 2009
other : 8006832
other : 		423.22
other : 2019
other : 5555902
other : 	177.11
other : 2007
other : 9873330
other : Nokia		677.90
other : 2010
other : 8888902
other : 
other : 
other : 
other : 
other : 		410.35
other : 2009
other : 5909887
other : Apple		726.99
other : 2017
other : 2389076
other : 
other : 
other : 
other : 	564.22
other : 2010
other : 1119000
other : 	347.94
other : 2009
///////////////////////Sat Mar 26 15:56:03 EDT 2022///////////////////////
other : 3890909
other : Samsung		987.28
other : 2022
other : 2787985
other : Acer	
other : 	572.20
other : 2013
other : 4900088
other : 
other : 
other : 
other : 
other : 
other : 
other : 		232.99
other : 2008
other : 1989000
other : 
other : 
other : 
other : 		237.24
other : 2006
other : 0089076
other : 
other : 
other : 
other : 		564.22
other : 2009
other : 2887685
other : 		569.28
other : 2012
other : 7559090
other : 		290.90
other : 2005
other : 2887460
other : 
other : 		457.28
other : 2009
other : 2887685
other : Apple	
other : 	569.28
other : 2015
other : 6699001
other : Lenovo	
other : 	237.29
other : 2012
other : 9675654
other : 
other : 
other : 
other : 		388.00
other : 2009
other : 1119002
other : 		457.28
other : 2008
other : 5000882
other : 
other : 		977.27
other : 2020
other : 8888902
other : 
other : 
other : 
other : 	810.35
other : 2017
other : 5890779
other : 		457.28
other : 2007
other : 7333403
other : 
other : 
other : 
other : 
other : 		659.00
other : 2009
other : 2999900
other : 
other : 		457.28
other : 2006
other : 6987612
other : HTC		
other : 	577.25
other : 2009
other : 8888902
other : 
other : 
other : 
other : 
other : 		410.35
other : 2009
other : 8006832
other : 		423.22
other : 2019
other : 5555902
other : 	177.11
other : 2007
other : 9873330
other : Nokia		677.90
other : 2010
other : 8888902
other : 
other : 
other : 
other : 
other : 		410.35
other : 2009
other : 5909887
other : Apple		726.99
other : 2017
other : 2389076
other : 
other : 
other : 
other : 	564.22
other : 2010
other : 1119000
other : 	347.94
other : 2009
///////////////////////Sat Mar 26 15:57:05 EDT 2022///////////////////////
other : 3890909
other : Samsung		987.28
other : 2022
other : 2787985
other : Acer	
other : 	572.20
other : 2013
other : 4900088
other : 
other : 
other : 
other : 
other : 
other : 
other : 		232.99
other : 2008
other : 1989000
other : 
other : 
other : 
other : 		237.24
other : 2006
other : 0089076
other : 
other : 
other : 
other : 		564.22
other : 2009
other : 2887685
other : 		569.28
other : 2012
other : 7559090
other : 		290.90
other : 2005
other : 2887460
other : 
other : 		457.28
other : 2009
other : 2887685
other : Apple	
other : 	569.28
other : 2015
other : 6699001
other : Lenovo	
other : 	237.29
other : 2012
other : 9675654
other : 
other : 
other : 
other : 		388.00
other : 2009
other : 1119002
other : 		457.28
other : 2008
other : 5000882
other : 
other : 		977.27
other : 2020
other : 8888902
other : 
other : 
other : 
other : 	810.35
other : 2017
other : 5890779
other : 		457.28
other : 2007
other : 7333403
other : 
other : 
other : 
other : 
other : 		659.00
other : 2009
other : 2999900
other : 
other : 		457.28
other : 2006
other : 6987612
other : HTC		
other : 	577.25
other : 2009
other : 8888902
other : 
other : 
other : 
other : 
other : 		410.35
other : 2009
other : 8006832
other : 		423.22
other : 2019
other : 5555902
other : 	177.11
other : 2007
other : 9873330
other : Nokia		677.90
other : 2010
other : 8888902
other : 
other : 
other : 
other : 
other : 		410.35
other : 2009
other : 5909887
other : Apple		726.99
other : 2017
other : 2389076
other : 
other : 
other : 
other : 	564.22
other : 2010
other : 1119000
other : 	347.94
other : 2009
///////////////////////Sat Mar 26 16:01:41 EDT 2022///////////////////////
other : 3890909
other : Samsung		987.28
other : 2022
other : 2787985
other : Acer	
other : 	572.20
other : 2013
other : 4900088
other : 
other : 
other : 
other : 
other : 
other : 
other : 		232.99
other : 2008
other : 1989000
other : 
other : 
other : 
other : 		237.24
other : 2006
other : 0089076
other : 
other : 
other : 
other : 		564.22
other : 2009
other : 2887685
other : 		569.28
other : 2012
other : 7559090
other : 		290.90
other : 2005
other : 2887460
other : 
other : 		457.28
other : 2009
other : 2887685
other : Apple	
other : 	569.28
other : 2015
other : 6699001
other : Lenovo	
other : 	237.29
other : 2012
other : 9675654
other : 
other : 
other : 
other : 		388.00
other : 2009
other : 1119002
other : 		457.28
other : 2008
other : 5000882
other : 
other : 		977.27
other : 2020
other : 8888902
other : 
other : 
other : 
other : 	810.35
other : 2017
other : 5890779
other : 		457.28
other : 2007
other : 7333403
other : 
other : 
other : 
other : 
other : 		659.00
other : 2009
other : 2999900
other : 
other : 		457.28
other : 2006
other : 6987612
other : HTC		
other : 	577.25
other : 2009
other : 8888902
other : 
other : 
other : 
other : 
other : 		410.35
other : 2009
other : 8006832
other : 		423.22
other : 2019
other : 5555902
other : 	177.11
other : 2007
other : 9873330
other : Nokia		677.90
other : 2010
other : 8888902
other : 
other : 
other : 
other : 
other : 		410.35
other : 2009
other : 5909887
other : Apple		726.99
other : 2017
other : 2389076
other : 
other : 
other : 
other : 	564.22
other : 2010
other : 1119000
other : 	347.94
other : 2009
///////////////////////Sat Mar 26 16:03:22 EDT 2022///////////////////////
other : 3890909
other : Samsung		987.28
other : 2022
other : 2787985
other : Acer	
other : 	572.20
other : 2013
other : 4900088
other : 
other : 
other : 
other : 
other : 
other : 
other : 		232.99
other : 2008
other : 1989000
other : 
other : 
other : 
other : 		237.24
other : 2006
other : 0089076
other : 
other : 
other : 
other : 		564.22
other : 2009
other : 2887685
other : 		569.28
other : 2012
other : 7559090
other : 		290.90
other : 2005
other : 2887460
other : 
other : 		457.28
other : 2009
other : 2887685
other : Apple	
other : 	569.28
other : 2015
other : 6699001
other : Lenovo	
other : 	237.29
other : 2012
other : 9675654
other : 
other : 
other : 
other : 		388.00
other : 2009
other : 1119002
other : 		457.28
other : 2008
other : 5000882
other : 
other : 		977.27
other : 2020
other : 8888902
other : 
other : 
other : 
other : 	810.35
other : 2017
other : 5890779
other : 		457.28
other : 2007
other : 7333403
other : 
other : 
other : 
other : 
other : 		659.00
other : 2009
other : 2999900
other : 
other : 		457.28
other : 2006
other : 6987612
other : HTC		
other : 	577.25
other : 2009
other : 8888902
other : 
other : 
other : 
other : 
other : 		410.35
other : 2009
other : 8006832
other : 		423.22
other : 2019
other : 5555902
other : 	177.11
other : 2007
other : 9873330
other : Nokia		677.90
other : 2010
other : 8888902
other : 
other : 
other : 
other : 
other : 		410.35
other : 2009
other : 5909887
other : Apple		726.99
other : 2017
other : 2389076
other : 
other : 
other : 
other : 	564.22
other : 2010
other : 1119000
other : 	347.94
other : 2009
///////////////////////Sat Mar 26 16:04:14 EDT 2022///////////////////////
other : 3890909
other : Samsung		987.28
other : 2022
other : 2787985
other : Acer	
other : 	572.20
other : 2013
other : 4900088
other : 
other : 
other : 
other : 
other : 
other : 
other : 		232.99
other : 2008
other : 1989000
other : 
other : 
other : 
other : 		237.24
other : 2006
other : 0089076
other : 
other : 
other : 
other : 		564.22
other : 2009
other : 2887685
other : 		569.28
other : 2012
other : 7559090
other : 		290.90
other : 2005
other : 2887460
other : 
other : 		457.28
other : 2009
other : 2887685
other : Apple	
other : 	569.28
other : 2015
other : 6699001
other : Lenovo	
other : 	237.29
other : 2012
other : 9675654
other : 
other : 
other : 
other : 		388.00
other : 2009
other : 1119002
other : 		457.28
other : 2008
other : 5000882
other : 
other : 		977.27
other : 2020
other : 8888902
other : 
other : 
other : 
other : 	810.35
other : 2017
other : 5890779
other : 		457.28
other : 2007
other : 7333403
other : 
other : 
other : 
other : 
other : 		659.00
other : 2009
other : 2999900
other : 
other : 		457.28
other : 2006
other : 6987612
other : HTC		
other : 	577.25
other : 2009
other : 8888902
other : 
other : 
other : 
other : 
other : 		410.35
other : 2009
other : 8006832
other : 		423.22
other : 2019
other : 5555902
other : 	177.11
other : 2007
other : 9873330
other : Nokia		677.90
other : 2010
other : 8888902
other : 
other : 
other : 
other : 
other : 		410.35
other : 2009
other : 5909887
other : Apple		726.99
other : 2017
other : 2389076
other : 
other : 
other : 
other : 	564.22
other : 2010
other : 1119000
other : 	347.94
other : 2009
///////////////////////Sat Mar 26 16:05:14 EDT 2022///////////////////////
other : 3890909
other : Samsung		987.28
other : 2022
other : 2787985
other : Acer	
other : 	572.20
other : 2013
other : 4900088
other : 
other : 
other : 
other : 
other : 
other : 
other : 		232.99
other : 2008
other : 1989000
other : 
other : 
other : 
other : 		237.24
other : 2006
other : 0089076
other : 
other : 
other : 
other : 		564.22
other : 2009
other : 2887685
other : 		569.28
other : 2012
other : 7559090
other : 		290.90
other : 2005
other : 2887460
other : 
other : 		457.28
other : 2009
other : 2887685
other : Apple	
other : 	569.28
other : 2015
other : 6699001
other : Lenovo	
other : 	237.29
other : 2012
other : 9675654
other : 
other : 
other : 
other : 		388.00
other : 2009
other : 1119002
other : 		457.28
other : 2008
other : 5000882
other : 
other : 		977.27
other : 2020
other : 8888902
other : 
other : 
other : 
other : 	810.35
other : 2017
other : 5890779
other : 		457.28
other : 2007
other : 7333403
other : 
other : 
other : 
other : 
other : 		659.00
other : 2009
other : 2999900
other : 
other : 		457.28
other : 2006
other : 6987612
other : HTC		
other : 	577.25
other : 2009
other : 8888902
other : 
other : 
other : 
other : 
other : 		410.35
other : 2009
other : 8006832
other : 		423.22
other : 2019
other : 5555902
other : 	177.11
other : 2007
other : 9873330
other : Nokia		677.90
other : 2010
other : 8888902
other : 
other : 
other : 
other : 
other : 		410.35
other : 2009
other : 5909887
other : Apple		726.99
other : 2017
other : 2389076
other : 
other : 
other : 
other : 	564.22
other : 2010
other : 1119000
other : 	347.94
other : 2009
///////////////////////Sat Mar 26 16:06:07 EDT 2022///////////////////////
other : 3890909
other : Samsung		987.28
other : 2022
other : 2787985
other : Acer	
other : 	572.20
other : 2013
other : 4900088
other : 
other : 
other : 
other : 
other : 
other : 
other : 		232.99
other : 2008
other : 1989000
other : 
other : 
other : 
other : 		237.24
other : 2006
other : 0089076
other : 
other : 
other : 
other : 		564.22
other : 2009
other : 2887685
other : 		569.28
other : 2012
other : 7559090
other : 		290.90
other : 2005
other : 2887460
other : 
other : 		457.28
other : 2009
other : 2887685
other : Apple	
other : 	569.28
other : 2015
other : 6699001
other : Lenovo	
other : 	237.29
other : 2012
other : 9675654
other : 
other : 
other : 
other : 		388.00
other : 2009
other : 1119002
other : 		457.28
other : 2008
other : 5000882
other : 
other : 		977.27
other : 2020
other : 8888902
other : 
other : 
other : 
other : 	810.35
other : 2017
other : 5890779
other : 		457.28
other : 2007
other : 7333403
other : 
other : 
other : 
other : 
other : 		659.00
other : 2009
other : 2999900
other : 
other : 		457.28
other : 2006
other : 6987612
other : HTC		
other : 	577.25
other : 2009
other : 8888902
other : 
other : 
other : 
other : 
other : 		410.35
other : 2009
other : 8006832
other : 		423.22
other : 2019
other : 5555902
other : 	177.11
other : 2007
other : 9873330
other : Nokia		677.90
other : 2010
other : 8888902
other : 
other : 
other : 
other : 
other : 		410.35
other : 2009
other : 5909887
other : Apple		726.99
other : 2017
other : 2389076
other : 
other : 
other : 
other : 	564.22
other : 2010
other : 1119000
other : 	347.94
other : 2009
///////////////////////Sat Mar 26 16:08:07 EDT 2022///////////////////////
other : 3890909
other : Samsung		987.28
other : 2022
other : 2787985
other : Acer	
other : 	572.20
other : 2013
other : 4900088
other : 
other : 
other : 
other : 
other : 
other : 
other : 		232.99
other : 2008
other : 1989000
other : 
other : 
other : 
other : 		237.24
other : 2006
other : 0089076
other : 
other : 
other : 
other : 		564.22
other : 2009
other : 2887685
other : 		569.28
other : 2012
other : 7559090
other : 		290.90
other : 2005
other : 2887460
other : 
other : 		457.28
other : 2009
other : 2887685
other : Apple	
other : 	569.28
other : 2015
other : 6699001
other : Lenovo	
other : 	237.29
other : 2012
other : 9675654
other : 
other : 
other : 
other : 		388.00
other : 2009
other : 1119002
other : 		457.28
other : 2008
other : 5000882
other : 
other : 		977.27
other : 2020
other : 8888902
other : 
other : 
other : 
other : 	810.35
other : 2017
other : 5890779
other : 		457.28
other : 2007
other : 7333403
other : 
other : 
other : 
other : 
other : 		659.00
other : 2009
other : 2999900
other : 
other : 		457.28
other : 2006
other : 6987612
other : HTC		
other : 	577.25
other : 2009
other : 8888902
other : 
other : 
other : 
other : 
other : 		410.35
other : 2009
other : 8006832
other : 		423.22
other : 2019
other : 5555902
other : 	177.11
other : 2007
other : 9873330
other : Nokia		677.90
other : 2010
other : 8888902
other : 
other : 
other : 
other : 
other : 		410.35
other : 2009
other : 5909887
other : Apple		726.99
other : 2017
other : 2389076
other : 
other : 
other : 
other : 	564.22
other : 2010
other : 1119000
other : 	347.94
other : 2009
///////////////////////Sat Mar 26 16:17:14 EDT 2022///////////////////////
other : 3890909
other : Samsung		987.28
other : 2022
other : 2787985
other : Acer	
other : 	572.20
other : 2013
other : 4900088
other : 
other : 
other : 
other : 
other : 
other : 
other : 		232.99
other : 2008
other : 1989000
other : 
other : 
other : 
other : 		237.24
other : 2006
other : 0089076
other : 
other : 
other : 
other : 		564.22
other : 2009
other : 2887685
other : 		569.28
other : 2012
other : 7559090
other : 		290.90
other : 2005
other : 2887460
other : 
other : 		457.28
other : 2009
other : 2887685
other : Apple	
other : 	569.28
other : 2015
other : 6699001
other : Lenovo	
other : 	237.29
other : 2012
other : 9675654
other : 
other : 
other : 
other : 		388.00
other : 2009
other : 1119002
other : 		457.28
other : 2008
other : 5000882
other : 
other : 		977.27
other : 2020
other : 8888902
other : 
other : 
other : 
other : 	810.35
other : 2017
other : 5890779
other : 		457.28
other : 2007
other : 7333403
other : 
other : 
other : 
other : 
other : 		659.00
other : 2009
other : 2999900
other : 
other : 		457.28
other : 2006
other : 6987612
other : HTC		
other : 	577.25
other : 2009
other : 8888902
other : 
other : 
other : 
other : 
other : 		410.35
other : 2009
other : 8006832
other : 		423.22
other : 2019
other : 5555902
other : 	177.11
other : 2007
other : 9873330
other : Nokia		677.90
other : 2010
other : 8888902
other : 
other : 
other : 
other : 
other : 		410.35
other : 2009
other : 5909887
other : Apple		726.99
other : 2017
other : 2389076
other : 
other : 
other : 
other : 	564.22
other : 2010
other : 1119000
other : 	347.94
other : 2009
///////////////////////Sat Mar 26 16:20:12 EDT 2022///////////////////////
other : 447
other : 
other : ==
other : 
One invalid letter: B
other : ==
other : 
One invalid letter: C
other : ==
other : 
One invalid letter: D
other : ==
other : 
One invalid letter: E
other : ==
other : 
One invalid letter: F
other : ==
other : 
One invalid letter: G
other : ==
other : 
One invalid letter: H
other : ==
other : 
other : ==
other : 
One invalid letter: J
other : ==
other : 
One invalid letter: K
other : ==
other : 
One invalid letter: L
other : ==
other : 
One invalid letter: M
other : ==
other : MC²
other : 
One invalid letter: N
other : ==
other : 
One invalid letter: O
other : ==
other : 
One invalid letter: P
other : ==
other : 
One invalid letter: Q
other : ==
other : 
One invalid letter: R
other : ==
other : 
One invalid letter: S
other : ==
other : 
One invalid letter: T
other : ==
other : 
One invalid letter: U
other : ==
other : 
One invalid letter: V
other : ==
other : 
One invalid letter: W
other : ==
other : 
One invalid letter: Y
other : ==
other : 
One invalid letter: Z
other : ==
///////////////////////Sat Mar 26 16:25:49 EDT 2022///////////////////////
other : 20th
other : 26
other : 1905,
One invalid letter: E
other : =
other : 
other : 
other : 1900,
other : 1921,
other : 1933,
other : 
other : 1999,
other : 
///////////////////////Sat Mar 26 16:30:40 EDT 2022///////////////////////
other : 
other : 
other : 
other : 
///////////////////////Sat Mar 26 17:31:39 EDT 2022///////////////////////
other : 20th
other : 26
other : 1905,
One invalid letter: E
other : =
other : 
other : 
other : 1900,
other : 1921,
other : 1933,
other : 
other : 1999,
other : 
///////////////////////Mon Mar 28 16:05:29 EDT 2022///////////////////////
other : 20th
other : 26
other : 1905,
One invalid letter: E
other : =
other : 
other : 
other : 1900,
other : 1921,
other : 1933,
other : 
other : 1999,
other : 
///////////////////////Mon Mar 28 16:07:53 EDT 2022///////////////////////
other : 20th
other : 26
other : 1905,
One invalid letter: E
other : =
other : 
other : 
other : 1900,
other : 1921,
other : 1933,
other : 
other : 1999,
other : 
///////////////////////Mon Mar 28 16:10:13 EDT 2022///////////////////////
other : 20th
other : 26
other : 1905,
One invalid letter: E
other : =
other : 
other : 
other : 1900,
other : 1921,
other : 1933,
other : 
other : 1999,
other : 
///////////////////////Mon Mar 28 16:11:37 EDT 2022///////////////////////
other : 20th
other : 26
other : 1905,
One invalid letter: E
other : =
other : 
other : 
other : 1900,
other : 1921,
other : 1933,
other : 
other : 1999,
other : 
///////////////////////Mon Mar 28 16:11:51 EDT 2022///////////////////////
other : 20th
other : 26
other : 1905,
One invalid letter: E
other : =
other : 
other : 
other : 1900,
other : 1921,
other : 1933,
other : 
other : 1999,
other : 
///////////////////////Mon Mar 28 16:12:09 EDT 2022///////////////////////
other : 20th
other : 26
other : 1905,
One invalid letter: E
other : =
other : 
other : 
other : 1900,
other : 1921,
other : 1933,
other : 
other : 1999,
other : 
///////////////////////Mon Mar 28 16:12:39 EDT 2022///////////////////////
other : 20th
other : 26
other : 1905,
One invalid letter: E
other : =
other : 
other : 
other : 1900,
other : 1921,
other : 1933,
other : 
other : 1999,
other : 
///////////////////////Mon Mar 28 16:14:06 EDT 2022///////////////////////
other : 20th
other : 26
other : 1905,
One invalid letter: E
other : =
other : 
other : 
other : 1900,
other : 1921,
other : 1933,
other : 
other : 1999,
other : 
///////////////////////Mon Mar 28 16:14:37 EDT 2022///////////////////////
other : 20th
other : 26
other : 1905,
One invalid letter: E
other : =
other : 
other : 
other : 1900,
other : 1921,
other : 1933,
other : 
other : 1999,
other : 
///////////////////////Mon Mar 28 16:19:05 EDT 2022///////////////////////
other : 
other : 
other : 
other : 
///////////////////////Wed Mar 30 11:31:40 EDT 2022///////////////////////
///////////////////////Wed Mar 30 11:39:20 EDT 2022///////////////////////
other : 20th
other : 26
other : 1905,
One invalid letter: E
other : =
other : 
other : 
other : 1900,
other : 1921,
other : 1933,
other : 
other : 1999,
other : 
///////////////////////Wed Mar 30 11:40:37 EDT 2022///////////////////////
other : 20th
other : 26
other : 1905,
One invalid letter: E
other : =
other : 
other : school’s
other : 
other : Einstein’s
other : 1900,
other : 1921,
other : 1933,
other : 
other : Einstein’s
other : 1999,
other : 
other : It’s
other : I’m
other : it’s
other : it’s
other : it’s
other : I’m
///////////////////////Wed Mar 30 11:46:11 EDT 2022///////////////////////
other : 20th
other : 26
other : 1905,
One invalid letter: E
other : =
other : 
other : school’s
other : 
other : Einstein’s
other : 1900,
other : 1921,
other : 1933,
other : 
other : Einstein’s
other : 1999,
other : 
other : It’s
other : I’m
other : it’s
other : it’s
other : it’s
other : I’m
///////////////////////Wed Mar 30 11:50:13 EDT 2022///////////////////////
other : 20th
other : 26
other : 1905,
One invalid letter: E
other : =
other : 
other : school’s
other : 
other : Einstein’s
other : 1900,
other : 1921,
other : 1933,
other : 
other : Einstein’s
other : 1999,
other : 
other : It’s
other : I’m
other : it’s
other : it’s
other : it’s
other : I’m
///////////////////////Wed Mar 30 11:52:28 EDT 2022///////////////////////
other : 20th
number: 26
other : 1905,
One invalid letter: E
other : =
other : 
other : school’s
other : 
other : Einstein’s
other : 1900,
other : 1921,
other : 1933,
other : 
other : Einstein’s
other : 1999,
other : 
other : It’s
other : I’m
other : it’s
other : it’s
other : it’s
other : I’m
///////////////////////Wed Mar 30 11:54:12 EDT 2022///////////////////////
other : 20th
other : 26
other : 1905,
One invalid letter: E
other : =
other : 
other : school’s
other : 
other : Einstein’s
other : 1900,
other : 1921,
other : 1933,
other : 
other : Einstein’s
other : 1999,
other : 
other : It’s
other : I’m
other : it’s
other : it’s
other : it’s
other : I’m
///////////////////////Wed Mar 30 11:54:37 EDT 2022///////////////////////
other : 20th
other : 26
other : 1905,
One invalid letter: E
other : =
other : mc²,
other : 
other : school’s
other : 
other : Einstein’s
other : 1900,
other : 1921,
other : 1933,
other : 
other : Einstein’s
other : 1999,
other : 
other : It’s
other : I’m
other : it’s
other : it’s
other : it’s
other : I’m
///////////////////////Fri Apr 15 18:01:29 EDT 2022///////////////////////
///////////////////////Fri Apr 15 18:03:51 EDT 2022///////////////////////
///////////////////////Fri Apr 15 18:04:15 EDT 2022///////////////////////
other : 447
other : 
other : ==
other : 
One invalid letter: B
other : ==
other : 
One invalid letter: C
other : ==
other : 
One invalid letter: D
other : ==
other : 
One invalid letter: E
other : ==
other : 
One invalid letter: F
other : ==
other : 
One invalid letter: G
other : ==
other : 
One invalid letter: H
other : ==
other : 
other : ==
other : 
One invalid letter: J
other : ==
other : 
One invalid letter: K
other : ==
other : 
One invalid letter: L
other : ==
other : 
One invalid letter: M
other : ==
other : MC²
other : 
One invalid letter: N
other : ==
other : 
One invalid letter: O
other : ==
other : 
One invalid letter: P
other : ==
other : 
One invalid letter: Q
other : ==
other : 
One invalid letter: R
other : ==
other : 
One invalid letter: S
other : ==
other : 
One invalid letter: T
other : ==
other : 
One invalid letter: U
other : ==
other : 
One invalid letter: V
other : ==
other : 
One invalid letter: W
other : ==
other : 
One invalid letter: Y
other : ==
other : 
One invalid letter: Z
other : ==
///////////////////////Fri Apr 15 18:22:12 EDT 2022///////////////////////
other : 447
other : 
other : ==
other : 
One invalid letter: B
other : ==
other : 
One invalid letter: C
other : ==
other : 
One invalid letter: D
other : ==
other : 
One invalid letter: E
other : ==
other : 
One invalid letter: F
other : ==
other : 
One invalid letter: G
other : ==
other : 
One invalid letter: H
other : ==
other : 
other : ==
other : 
One invalid letter: J
other : ==
other : 
One invalid letter: K
other : ==
other : 
One invalid letter: L
other : ==
other : 
One invalid letter: M
other : ==
other : MC²
other : 
One invalid letter: N
other : ==
other : 
One invalid letter: O
other : ==
other : 
One invalid letter: P
other : ==
other : 
One invalid letter: Q
other : ==
other : 
One invalid letter: R
other : ==
other : 
One invalid letter: S
other : ==
other : 
One invalid letter: T
other : ==
other : 
One invalid letter: U
other : ==
other : 
One invalid letter: V
other : ==
other : 
One invalid letter: W
other : ==
other : 
One invalid letter: Y
other : ==
other : 
One invalid letter: Z
other : ==
///////////////////////Fri Apr 15 18:22:41 EDT 2022///////////////////////
other : 3890909
other : 
other : 987.28
other : 2022
other : 2787985
other : 
other : 
other : 572.20
other : 2013
other : 4900088
other : 
other : 
other : 
other : 
other : 
other : 
other : 
other : 
other : 232.99
other : 2008
other : 1989000
other : 
other : 
other : 
other : 
other : 
other : 237.24
other : 2006
other : 0089076
other : 
other : 
other : 
other : 
other : 
other : 564.22
other : 2009
other : 2887685
other : 
other : 
other : 569.28
other : 2012
other : 7559090
other : 
other : 
other : 290.90
other : 2005
other : 2887460
other : 
other : 
other : 
other : 457.28
other : 2009
other : 2887685
other : 
other : 
other : 569.28
other : 2015
other : 6699001
other : 
other : 
other : 237.29
other : 2012
other : 9675654
other : 
other : 
other : 
other : 
other : 
other : 388.00
other : 2009
other : 1119002
other : 
other : 
other : 457.28
other : 2008
other : 5000882
other : 
other : 
other : 
other : 977.27
other : 2020
other : 8888902
other : 
other : 
other : 
other : 
other : 810.35
other : 2017
other : 5890779
other : 
other : 
other : 457.28
other : 2007
other : 7333403
other : 
other : 
other : 
other : 
other : 
other : 
other : 659.00
other : 2009
other : 2999900
other : 
other : 
other : 
other : 457.28
other : 2006
other : 6987612
other : 
other : 
other : 
other : 577.25
other : 2009
other : 8888902
other : 
other : 
other : 
other : 
other : 
other : 
other : 410.35
other : 2009
other : 8006832
other : 
other : 
other : 423.22
other : 2019
other : 5555902
other : 
other : 177.11
other : 2007
other : 9873330
other : 
other : 677.90
other : 2010
other : 8888902
other : 
other : 
other : 
other : 
other : 
other : 
other : 410.35
other : 2009
other : 5909887
other : 
other : 726.99
other : 2017
other : 2389076
other : 
other : 
other : 
other : 
other : 564.22
other : 2010
other : 1119000
other : 
other : 347.94
other : 2009
///////////////////////Fri Apr 15 18:31:22 EDT 2022///////////////////////
other : 447
other : 
other : ==
other : 
One invalid letter: B
other : ==
other : 
One invalid letter: C
other : ==
other : 
One invalid letter: D
other : ==
other : 
One invalid letter: E
other : ==
other : 
One invalid letter: F
other : ==
other : 
One invalid letter: G
other : ==
other : 
One invalid letter: H
other : ==
other : 
other : ==
other : 
One invalid letter: J
other : ==
other : 
One invalid letter: K
other : ==
other : 
One invalid letter: L
other : ==
other : 
One invalid letter: M
other : ==
other : MC²
other : 
One invalid letter: N
other : ==
other : 
One invalid letter: O
other : ==
other : 
One invalid letter: P
other : ==
other : 
One invalid letter: Q
other : ==
other : 
One invalid letter: R
other : ==
other : 
One invalid letter: S
other : ==
other : 
One invalid letter: T
other : ==
other : 
One invalid letter: U
other : ==
other : 
One invalid letter: V
other : ==
other : 
One invalid letter: W
other : ==
other : 
One invalid letter: Y
other : ==
other : 
One invalid letter: Z
other : ==
///////////////////////Fri Apr 15 18:32:11 EDT 2022///////////////////////
other : 3890909
other : 
other : 987.28
other : 2022
other : 2787985
other : 
other : 
other : 572.20
other : 2013
other : 4900088
other : 
other : 
other : 
other : 
other : 
other : 
other : 
other : 
other : 232.99
other : 2008
other : 1989000
other : 
other : 
other : 
other : 
other : 
other : 237.24
other : 2006
other : 0089076
other : 
other : 
other : 
other : 
other : 
other : 564.22
other : 2009
other : 2887685
other : 
other : 
other : 569.28
other : 2012
other : 7559090
other : 
other : 
other : 290.90
other : 2005
other : 2887460
other : 
other : 
other : 
other : 457.28
other : 2009
other : 2887685
other : 
other : 
other : 569.28
other : 2015
other : 6699001
other : 
other : 
other : 237.29
other : 2012
other : 9675654
other : 
other : 
other : 
other : 
other : 
other : 388.00
other : 2009
other : 1119002
other : 
other : 
other : 457.28
other : 2008
other : 5000882
other : 
other : 
other : 
other : 977.27
other : 2020
other : 8888902
other : 
other : 
other : 
other : 
other : 810.35
other : 2017
other : 5890779
other : 
other : 
other : 457.28
other : 2007
other : 7333403
other : 
other : 
other : 
other : 
other : 
other : 
other : 659.00
other : 2009
other : 2999900
other : 
other : 
other : 
other : 457.28
other : 2006
other : 6987612
other : 
other : 
other : 
other : 577.25
other : 2009
other : 8888902
other : 
other : 
other : 
other : 
other : 
other : 
other : 410.35
other : 2009
other : 8006832
other : 
other : 
other : 423.22
other : 2019
other : 5555902
other : 
other : 177.11
other : 2007
other : 9873330
other : 
other : 677.90
other : 2010
other : 8888902
other : 
other : 
other : 
other : 
other : 
other : 
other : 410.35
other : 2009
other : 5909887
other : 
other : 726.99
other : 2017
other : 2389076
other : 
other : 
other : 
other : 
other : 564.22
other : 2010
other : 1119000
other : 
other : 347.94
other : 2009
///////////////////////Fri Apr 15 18:37:14 EDT 2022///////////////////////
other : 447
other : 
other : ==
other : 
One invalid letter: B
other : ==
other : 
One invalid letter: C
other : ==
other : 
One invalid letter: D
other : ==
other : 
One invalid letter: E
other : ==
other : 
One invalid letter: F
other : ==
other : 
One invalid letter: G
other : ==
other : 
One invalid letter: H
other : ==
other : 
other : ==
other : 
One invalid letter: J
other : ==
other : 
One invalid letter: K
other : ==
other : 
One invalid letter: L
other : ==
other : 
One invalid letter: M
other : ==
other : MC²
other : 
One invalid letter: N
other : ==
other : 
One invalid letter: O
other : ==
other : 
One invalid letter: P
other : ==
other : 
One invalid letter: Q
other : ==
other : 
One invalid letter: R
other : ==
other : 
One invalid letter: S
other : ==
other : 
One invalid letter: T
other : ==
other : 
One invalid letter: U
other : ==
other : 
One invalid letter: V
other : ==
other : 
One invalid letter: W
other : ==
other : 
One invalid letter: Y
other : ==
other : 
One invalid letter: Z
other : ==
